<?xml version="1.0" encoding="UTF-8"?>
<!-- Generated by org.testng.reporters.JUnitReportReporter -->
<testsuite hostname="LAPTOP-KPEDOO5G" failures="0" tests="1" name="com.seleniumconcepts.SELENIUMCONCEPT.DynamicWebtable" time="40.885" errors="0" timestamp="2024-06-10T23:53:52 IST" skipped="0">
  <testcase classname="com.seleniumconcepts.SELENIUMCONCEPT.DynamicWebtable" name="login_To_App" time="40.885"/>
  <system-out/>
</testsuite> <!-- com.seleniumconcepts.SELENIUMCONCEPT.DynamicWebtable -->
