<?xml version="1.0" encoding="UTF-8"?>
<!-- Generated by org.testng.reporters.JUnitReportReporter -->
<testsuite hostname="LAPTOP-KPEDOO5G" failures="0" tests="1" name="com.seleniumconcepts.SELENIUMCONCEPT.DynamicWebtable" time="25.099" errors="0" timestamp="2024-06-07T01:31:08 IST" skipped="0">
  <testcase classname="com.seleniumconcepts.SELENIUMCONCEPT.DynamicWebtable" name="loginToMoneyControl" time="25.099"/>
  <system-out/>
</testsuite> <!-- com.seleniumconcepts.SELENIUMCONCEPT.DynamicWebtable -->
