<?xml version="1.0" encoding="UTF-8"?>
<!-- Generated by org.testng.reporters.JUnitReportReporter -->
<testsuite hostname="LAPTOP-KPEDOO5G" failures="0" tests="1" name="com.seleniumconcepts.SELENIUMCONCEPT.PDFContentValidationFor_ComprehensiveEncounter" time="63.933" errors="0" timestamp="2024-06-11T01:17:55 IST" skipped="0">
  <testcase classname="com.seleniumconcepts.SELENIUMCONCEPT.PDFContentValidationFor_ComprehensiveEncounter" name="verifyHomepage" time="63.933"/>
  <system-out/>
</testsuite> <!-- com.seleniumconcepts.SELENIUMCONCEPT.PDFContentValidationFor_ComprehensiveEncounter -->
